Apr 24, 2015 3:00:14 PM org.apache.catalina.core.AprLifecycleListener init
INFO: The APR based Apache Tomcat Native library which allows optimal performance in production environments was not found on the java.library.path: C:\Program Files\Java\jdk1.8.0_45\bin;C:\Windows\Sun\Java\bin;C:\Windows\system32;C:\Windows;C:\Program Files\Java\jdk1.8.0_45\bin;C:\working\apache-maven-3.1.1\bin;C:\working\curl;C:\ProgramData\Oracle\Java\javapath;C:\Program Files (x86)\Intel\iCLS Client\;C:\Program Files\Intel\iCLS Client\;C:\Windows\system32;C:\Windows;C:\Windows\System32\Wbem;C:\Windows\System32\WindowsPowerShell\v1.0\;C:\Program Files (x86)\Intel\OpenCL SDK\2.0\bin\x86;C:\Program Files (x86)\Intel\OpenCL SDK\2.0\bin\x64;C:\Program Files\Intel\Intel(R) Management Engine Components\DAL;C:\Program Files\Intel\Intel(R) Management Engine Components\IPT;C:\Program Files (x86)\Intel\Intel(R) Management Engine Components\DAL;C:\Program Files (x86)\Intel\Intel(R) Management Engine Components\IPT;C:\SWTOOLS\ReadyApps;C:\Program Files (x86)\Common Files\Lenovo;.
Apr 24, 2015 3:00:14 PM org.apache.coyote.AbstractProtocol init
INFO: Initializing ProtocolHandler ["http-bio-8080"]
Apr 24, 2015 3:00:14 PM org.apache.coyote.AbstractProtocol init
INFO: Initializing ProtocolHandler ["ajp-bio-8009"]
Apr 24, 2015 3:00:14 PM org.apache.catalina.startup.Catalina load
INFO: Initialization processed in 538 ms
Apr 24, 2015 3:00:14 PM org.apache.catalina.core.StandardService startInternal
INFO: Starting service Catalina
Apr 24, 2015 3:00:14 PM org.apache.catalina.core.StandardEngine startInternal
INFO: Starting Servlet Engine: Apache Tomcat/7.0.21
Apr 24, 2015 3:00:14 PM org.apache.catalina.startup.HostConfig deployDescriptor
INFO: Deploying configuration descriptor pluto.xml from C:\working\portal\bin\pluto-2.0.3\conf\Catalina\localhost
Apr 24, 2015 3:00:14 PM org.apache.catalina.core.StandardContext setPath
WARNING: A context path must either be an empty string or start with a '/'. The path [pluto] does not meet these criteria and has been changed to [/pluto] 
Apr 24, 2015 3:00:16 PM org.apache.catalina.startup.HostConfig deployDescriptor
INFO: Deploying configuration descriptor testsuite.xml from C:\working\portal\bin\pluto-2.0.3\conf\Catalina\localhost
Apr 24, 2015 3:00:16 PM org.apache.catalina.core.StandardContext setPath
WARNING: A context path must either be an empty string or start with a '/'. The path [testsuite] does not meet these criteria and has been changed to [/testsuite] 
Apr 24, 2015 3:00:17 PM org.apache.catalina.startup.HostConfig deployDirectory
INFO: Deploying web application directory docs
Apr 24, 2015 3:00:17 PM org.apache.catalina.startup.HostConfig deployDirectory
INFO: Deploying web application directory examples
Apr 24, 2015 3:00:18 PM org.apache.catalina.startup.HostConfig deployDirectory
INFO: Deploying web application directory host-manager
Apr 24, 2015 3:00:18 PM org.apache.catalina.startup.HostConfig deployDirectory
INFO: Deploying web application directory manager
Apr 24, 2015 3:00:18 PM org.apache.catalina.startup.HostConfig deployDirectory
INFO: Deploying web application directory ROOT
Apr 24, 2015 3:00:18 PM org.apache.coyote.AbstractProtocol start
INFO: Starting ProtocolHandler ["http-bio-8080"]
Apr 24, 2015 3:00:18 PM org.apache.coyote.AbstractProtocol start
INFO: Starting ProtocolHandler ["ajp-bio-8009"]
Apr 24, 2015 3:00:18 PM org.apache.catalina.startup.Catalina start
INFO: Server startup in 3979 ms
Apr 24, 2015 3:02:06 PM org.apache.jasper.compiler.JDTCompiler$1 findType
SEVERE: Compilation error
org.eclipse.jdt.internal.compiler.classfmt.ClassFormatException
	at org.eclipse.jdt.internal.compiler.classfmt.ClassFileReader.<init>(ClassFileReader.java:372)
	at org.apache.jasper.compiler.JDTCompiler$1.findType(JDTCompiler.java:220)
	at org.apache.jasper.compiler.JDTCompiler$1.findType(JDTCompiler.java:176)
	at org.eclipse.jdt.internal.compiler.lookup.LookupEnvironment.askForType(LookupEnvironment.java:109)
	at org.eclipse.jdt.internal.compiler.lookup.UnresolvedReferenceBinding.resolve(UnresolvedReferenceBinding.java:49)
	at org.eclipse.jdt.internal.compiler.lookup.BinaryTypeBinding.resolveType(BinaryTypeBinding.java:122)
	at org.eclipse.jdt.internal.compiler.lookup.LookupEnvironment.getTypeFromTypeSignature(LookupEnvironment.java:1242)
	at org.eclipse.jdt.internal.compiler.lookup.LookupEnvironment.getTypeFromVariantTypeSignature(LookupEnvironment.java:1298)
	at org.eclipse.jdt.internal.compiler.lookup.LookupEnvironment.getTypeArgumentsFromSignature(LookupEnvironment.java:1085)
	at org.eclipse.jdt.internal.compiler.lookup.LookupEnvironment.getTypeFromTypeSignature(LookupEnvironment.java:1247)
	at org.eclipse.jdt.internal.compiler.lookup.BinaryTypeBinding.createMethod(BinaryTypeBinding.java:550)
	at org.eclipse.jdt.internal.compiler.lookup.BinaryTypeBinding.createMethods(BinaryTypeBinding.java:630)
	at org.eclipse.jdt.internal.compiler.lookup.BinaryTypeBinding.cachePartsFrom(BinaryTypeBinding.java:365)
	at org.eclipse.jdt.internal.compiler.lookup.LookupEnvironment.createBinaryTypeFrom(LookupEnvironment.java:684)
	at org.eclipse.jdt.internal.compiler.lookup.LookupEnvironment.createBinaryTypeFrom(LookupEnvironment.java:663)
	at org.eclipse.jdt.internal.compiler.Compiler.accept(Compiler.java:296)
	at org.eclipse.jdt.internal.compiler.lookup.LookupEnvironment.askForType(LookupEnvironment.java:114)
	at org.eclipse.jdt.internal.compiler.lookup.UnresolvedReferenceBinding.resolve(UnresolvedReferenceBinding.java:49)
	at org.eclipse.jdt.internal.compiler.lookup.BinaryTypeBinding.resolveType(BinaryTypeBinding.java:122)
	at org.eclipse.jdt.internal.compiler.lookup.PackageBinding.getTypeOrPackage(PackageBinding.java:168)
	at org.eclipse.jdt.internal.compiler.lookup.Scope.getPackage(Scope.java:2352)
	at org.eclipse.jdt.internal.compiler.ast.ParameterizedQualifiedTypeReference.internalResolveLeafType(ParameterizedQualifiedTypeReference.java:138)
	at org.eclipse.jdt.internal.compiler.ast.ParameterizedQualifiedTypeReference.internalResolveType(ParameterizedQualifiedTypeReference.java:132)
	at org.eclipse.jdt.internal.compiler.ast.ParameterizedQualifiedTypeReference.resolveType(ParameterizedQualifiedTypeReference.java:340)
	at org.eclipse.jdt.internal.compiler.lookup.SourceTypeBinding.resolveTypeFor(SourceTypeBinding.java:1303)
	at org.eclipse.jdt.internal.compiler.lookup.SourceTypeBinding.fields(SourceTypeBinding.java:698)
	at org.eclipse.jdt.internal.compiler.lookup.SourceTypeBinding.faultInTypesForFieldsAndMethods(SourceTypeBinding.java:676)
	at org.eclipse.jdt.internal.compiler.lookup.CompilationUnitScope.faultInTypes(CompilationUnitScope.java:469)
	at org.eclipse.jdt.internal.compiler.Compiler.process(Compiler.java:756)
	at org.eclipse.jdt.internal.compiler.Compiler.compile(Compiler.java:468)
	at org.apache.jasper.compiler.JDTCompiler.generateClass(JDTCompiler.java:447)
	at org.apache.jasper.compiler.Compiler.compile(Compiler.java:378)
	at org.apache.jasper.compiler.Compiler.compile(Compiler.java:353)
	at org.apache.jasper.compiler.Compiler.compile(Compiler.java:340)
	at org.apache.jasper.JspCompilationContext.compile(JspCompilationContext.java:644)
	at org.apache.jasper.servlet.JspServletWrapper.service(JspServletWrapper.java:358)
	at org.apache.jasper.servlet.JspServlet.serviceJspFile(JspServlet.java:389)
	at org.apache.jasper.servlet.JspServlet.service(JspServlet.java:333)
	at javax.servlet.http.HttpServlet.service(HttpServlet.java:722)
	at org.apache.catalina.core.ApplicationFilterChain.internalDoFilter(ApplicationFilterChain.java:304)
	at org.apache.catalina.core.ApplicationFilterChain.doFilter(ApplicationFilterChain.java:210)
	at org.apache.catalina.core.StandardWrapperValve.invoke(StandardWrapperValve.java:224)
	at org.apache.catalina.core.StandardContextValve.invoke(StandardContextValve.java:185)
	at org.apache.catalina.core.StandardHostValve.invoke(StandardHostValve.java:151)
	at org.apache.catalina.valves.ErrorReportValve.invoke(ErrorReportValve.java:100)
	at org.apache.catalina.valves.AccessLogValve.invoke(AccessLogValve.java:929)
	at org.apache.catalina.core.StandardEngineValve.invoke(StandardEngineValve.java:118)
	at org.apache.catalina.connector.CoyoteAdapter.service(CoyoteAdapter.java:405)
	at org.apache.coyote.http11.Http11Processor.process(Http11Processor.java:269)
	at org.apache.coyote.AbstractProtocol$AbstractConnectionHandler.process(AbstractProtocol.java:515)
	at org.apache.tomcat.util.net.JIoEndpoint$SocketProcessor.run(JIoEndpoint.java:300)
	at java.util.concurrent.ThreadPoolExecutor.runWorker(ThreadPoolExecutor.java:1142)
	at java.util.concurrent.ThreadPoolExecutor$Worker.run(ThreadPoolExecutor.java:617)
	at java.lang.Thread.run(Thread.java:745)

